08:34:22.874 189 W - 开始请求:request.Path:/WebCenter/MainMenu/c0128744-33ed-5fb9-461b-3a8d40345ad8
08:34:22.874 189 W - request.Headers：9
08:34:22.890 179 W - 开始请求:request.Path:/Form/EditForm/0f2802bf-f59b-486b-b8fe-13207d364f33/
08:34:22.890 179 W - request.Headers：9
08:34:22.952 115 W - 开始请求:request.Path:/Scripts/boot.js
08:34:22.952 115 W - request.Headers：9
08:34:23.186 13 W - 开始请求:request.Path:/Contract/EPMCXContractAnalyse
08:34:23.186 13 W - request.Headers：12
08:34:23.186 13 W - 172.188.189.118,Method not found: &#39;System.Collections.Generic.List`1&lt;System.Collections.Hashtable&gt; Power.IBaseCore.IRight.GetEPSProjList(Power.IBaseCore.ISession, Power.IBaseCore.EEPSProjectState)&#39;.
08:34:40.830 13 W - 开始请求:request.Path:/Form/ValidForm/2a35ba25-af3c-4614-97cd-04dcf9d932e0/edit/8f737be5-8023-4cb5-85b5-9a4cfd99fb92/IiI=
08:34:40.830 13 W - request.Headers：9
08:34:40.892 79 W - 开始请求:request.Path:/Scripts/boot.js
08:34:40.892 79 W - request.Headers：9
08:34:40.892 79 W - 开始请求:request.Path:/Form/Init/2a35ba25-af3c-4614-97cd-04dcf9d932e0/edit/8f737be5-8023-4cb5-85b5-9a4cfd99fb92
08:34:40.892 79 W - request.Headers：8
08:34:40.908 135 W - 开始请求:request.Path:/Resource/Get/zh-CN
08:34:40.908 135 W - request.Headers：8
08:34:41.360 18 W - 开始请求:request.Path:/Form/FormLoad
08:34:41.360 18 W - request.Headers：9
08:34:41.454 199 W - 开始请求:request.Path:/Form/GetFileCount
08:34:41.454 199 W - request.Headers：9
08:34:41.454 137 W - 开始请求:request.Path:/Form/GetReport
08:34:41.454 137 W - request.Headers：12
08:34:41.470 115 W - 开始请求:request.Path:/Form/GridPageLoad
08:34:41.470 115 W - request.Headers：12
08:34:41.470 9 W - 开始请求:request.Path:/Form/GridPageLoad
08:34:41.470 9 W - request.Headers：12
08:34:41.516 121 W - 开始请求:request.Path:/Form/GridPageLoad
08:34:41.516 121 W - request.Headers：12
08:34:41.516 148 W - 开始请求:request.Path:/Form/GridPageLoad
08:34:41.516 148 W - request.Headers：12
08:34:41.516 172 W - 开始请求:request.Path:/Form/GridPageLoad
08:34:41.516 172 W - request.Headers：12
08:34:41.516 181 W - 开始请求:request.Path:/Form/GridPageLoad
08:34:41.516 181 W - request.Headers：12
08:34:43.997 68 W - 开始请求:request.Path:/Form/GridPageLoad
08:34:43.997 68 W - request.Headers：12
08:34:45.323 115 W - 开始请求:request.Path:/Form/ValidForm/2a35ba25-af3c-4614-97cd-04dcf9d932e0/edit/5056040b-e52f-4b72-b691-0775d13c3be4/IiI=
08:34:45.323 115 W - request.Headers：9
08:34:45.354 5 W - 开始请求:request.Path:/Scripts/boot.js
08:34:45.354 5 W - request.Headers：9
08:34:45.370 70 W - 开始请求:request.Path:/Resource/Get/zh-CN
08:34:45.370 70 W - request.Headers：8
08:34:45.370 186 W - 开始请求:request.Path:/Form/Init/2a35ba25-af3c-4614-97cd-04dcf9d932e0/edit/5056040b-e52f-4b72-b691-0775d13c3be4
08:34:45.370 186 W - request.Headers：8
08:34:45.853 168 W - 开始请求:request.Path:/Form/FormLoad
08:34:45.853 168 W - request.Headers：9
08:34:45.931 164 W - 开始请求:request.Path:/Form/GetFileCount
08:34:45.931 164 W - request.Headers：9
08:34:45.931 18 W - 开始请求:request.Path:/Form/GetReport
08:34:45.931 18 W - request.Headers：12
08:34:45.947 5 W - 开始请求:request.Path:/Form/GridPageLoad
08:34:45.947 5 W - request.Headers：12
08:34:45.962 9 W - 开始请求:request.Path:/Form/GridPageLoad
08:34:45.962 9 W - request.Headers：12
08:34:45.962 165 W - 开始请求:request.Path:/Form/GridPageLoad
08:34:45.962 165 W - request.Headers：12
08:34:45.994 172 W - 开始请求:request.Path:/Form/GridPageLoad
08:34:45.994 172 W - request.Headers：12
08:34:45.994 204 W - 开始请求:request.Path:/Form/GridPageLoad
08:34:45.994 204 W - request.Headers：12
08:34:45.994 46 W - 开始请求:request.Path:/Form/GridPageLoad
08:34:45.994 46 W - request.Headers：12
08:35:23.293 101 W - 开始请求:request.Path:/Form/GridPageLoad
08:35:23.293 101 W - request.Headers：12
