19:13:02.211 16 W - Select A.* From  PB_Wizard A Where   (0=0)  and A.WizardId='7ba5c7cc-3dd0-4600-80c0-6c7bc391d2b4' and A.Sequ=0
19:13:02.226 16 W - Select * From PB_Widget a Where a.Id='56928eb4-90bf-4930-adb1-8ecc9ce0f98b'
19:13:02.289 37 W - Select A.* From  PB_Wizard A Where   (0=0)  and a.WizardId='7ba5c7cc-3dd0-4600-80c0-6c7bc391d2b4'
19:13:02.492 33 W - Select A.* From  PB_Wizard A Where   (0=0)  and A.WizardId='7ba5c7cc-3dd0-4600-80c0-6c7bc391d2b4' and A.Sequ=0
19:13:02.492 33 W - Select * From (Select x1.Id,x1.Code,x1.Title,x1.IsConsortium,x2.Id as ContractId,x2.Code as ContractCode,x2.Title as ContractName,
       x2.PartyBName,x2.PartyBId,x2.PartyCId,x2.PartyCName,x2.PartyDId,x2.PartyDName,x2.PartyEId,x2.PartyEName,
       x2.PartyFId,x2.PartyFName,x2.PartyGId,x2.PartyGName,x2.PartyHId,x2.PartyHName,x2.PartyIId,x2.PartyIName,
       x2.PartyJId,x2.PartyJName,x2.PartyKId,x2.PartyKName,x1.Sequ From ZDelta_SR_ProjectOpening x1 left join  ZDelta_CM_Contract x2 on x1.ContractId = x2.Id Where  x1.Status = '50' and ( and x1.ID not in(select cc.OPENINGID from ZDelta_SR_ProjectProgress cc)) Order By  x1.Sequ DESC ) XCode_Temp_a Where rownum<=15
19:13:02.507 33 W - System.Exception: ORA-00936: 缺失表达式   sql:Select * From (Select x1.Id,x1.Code,x1.Title,x1.IsConsortium,x2.Id as ContractId,x2.Code as ContractCode,x2.Title as ContractName,
       x2.PartyBName,x2.PartyBId,x2.PartyCId,x2.PartyCName,x2.PartyDId,x2.PartyDName,x2.PartyEId,x2.PartyEName,
       x2.PartyFId,x2.PartyFName,x2.PartyGId,x2.PartyGName,x2.PartyHId,x2.PartyHName,x2.PartyIId,x2.PartyIName,
       x2.PartyJId,x2.PartyJName,x2.PartyKId,x2.PartyKName,x1.Sequ From ZDelta_SR_ProjectOpening x1 left join  ZDelta_CM_Contract x2 on x1.ContractId = x2.Id Where  x1.Status = '50' and ( and x1.ID not in(select cc.OPENINGID from ZDelta_SR_ProjectProgress cc)) Order By  x1.Sequ DESC ) XCode_Temp_a Where rownum<=15
19:13:02.507 33 W - XCode.Exceptions.XSqlException: ORA-00936: 缺失表达式[SQL:Select * From (Select x1.Id,x1.Code,x1.Title,x1.IsConsortium,x2.Id as ContractId,x2.Code as ContractCode,x2.Title as ContractName,
       x2.PartyBName,x2.PartyBId,x2.PartyCId,x2.PartyCName,x2.PartyDId,x2.PartyDName,x2.PartyEId,x2.PartyEName,
       x2.PartyFId,x2.PartyFName,x2.PartyGId,x2.PartyGName,x2.PartyHId,x2.PartyHName,x2.PartyIId,x2.PartyIName,
       x2.PartyJId,x2.PartyJName,x2.PartyKId,x2.PartyKName,x1.Sequ From ZDelta_SR_ProjectOpening x1 left join  ZDelta_CM_Contract x2 on x1.ContractId = x2.Id Where  x1.Status = '50' and ( and x1.ID not in(select cc.OPENINGID from ZDelta_SR_ProjectProgress cc)) Order By  x1.Sequ DESC ) XCode_Temp_a Where rownum<=15][DB:PowerPMDB/Oracle] ---> Oracle.ManagedDataAccess.Client.OracleException: ORA-00936: 缺失表达式
   at OracleInternal.ServiceObjects.OracleConnectionImpl.VerifyExecution(Int32& cursorId, Boolean bThrowArrayBindRelatedErrors, SqlStatementType sqlStatementType, Int32 arrayBindCount, OracleException& exceptionForArrayBindDML, Boolean& hasMoreRowsInDB, Boolean bFirstIterationDone)
   at OracleInternal.ServiceObjects.OracleCommandImpl.ExecuteReader(String commandText, OracleParameterCollection paramColl, CommandType commandType, OracleConnectionImpl connectionImpl, OracleDataReaderImpl& rdrImpl, Int32 longFetchSize, Int64 clientInitialLOBFS, OracleDependencyImpl orclDependencyImpl, Int64[] scnForExecution, Int64[]& scnFromExecution, OracleParameterCollection& bindByPositionParamColl, Boolean& bBindParamPresent, Int64& internalInitialLOBFS, OracleException& exceptionForArrayBindDML, OracleConnection connection, OracleLogicalTransaction& oracleLogicalTransaction, IEnumerable`1 adrianParsedStmt, Boolean isDescribeOnly, Boolean isFromEF)
   at Oracle.ManagedDataAccess.Client.OracleCommand.ExecuteReader(Boolean requery, Boolean fillRequest, CommandBehavior behavior)
   at Oracle.ManagedDataAccess.Client.OracleDataAdapter.Fill(DataSet dataSet, Int32 startRecord, Int32 maxRecords, String srcTable, IDbCommand command, CommandBehavior behavior)
   at System.Data.Common.DbDataAdapter.Fill(DataSet dataSet)
   at XCode.DataAccessLayer.DbSession.Query(DbCommand cmd)
   --- End of inner exception stack trace ---
   at XCode.DataAccessLayer.DbSession.Query(DbCommand cmd)
   at XCode.DataAccessLayer.DbSession.Query(String sql, DbParameter[] ps)
   at XCode.DataAccessLayer.DAL.Select(SelectBuilder sqlBuilder, String[] tableNames)
   at XCode.DataAccessLayer.DAL.Select(SelectBuilder builder, Int32 startRowIndex, Int32 maximumRows, String[] tableNames)
   at Power.Business.ViewEntity.ViewEntity`1.LoadDataExec(String additionalWhere, String orderField, Hashtable Param, Int32 startRowIndex, Int32 maximumRows)
   at Power.Business.ViewEntity.ViewEntity`1.LoadDataList(String additionalWhere, String orderField, Hashtable Param, Int32 startRowIndex, Int32 maximumRows, Boolean IsAttach)
19:13:02.507 33 W - ORA-00936: 缺失表达式[SQL:Select * From (Select x1.Id,x1.Code,x1.Title,x1.IsConsortium,x2.Id as ContractId,x2.Code as ContractCode,x2.Title as ContractName,
       x2.PartyBName,x2.PartyBId,x2.PartyCId,x2.PartyCName,x2.PartyDId,x2.PartyDName,x2.PartyEId,x2.PartyEName,
       x2.PartyFId,x2.PartyFName,x2.PartyGId,x2.PartyGName,x2.PartyHId,x2.PartyHName,x2.PartyIId,x2.PartyIName,
       x2.PartyJId,x2.PartyJName,x2.PartyKId,x2.PartyKName,x1.Sequ From ZDelta_SR_ProjectOpening x1 left join  ZDelta_CM_Contract x2 on x1.ContractId = x2.Id Where  x1.Status = &#39;50&#39; and ( and x1.ID not in(select cc.OPENINGID from ZDelta_SR_ProjectProgress cc)) Order By  x1.Sequ DESC ) XCode_Temp_a Where rownum&lt;=15][DB:PowerPMDB/Oracle]ORA-00936: 缺失表达式
19:13:02.507 33 W - 219.135.193.186,SQL语法错误，请联系管理员
